2021-09-24 @ 22:14:31.070 [m INFO | Slf4jLogger started[m
2021-09-24 @ 22:14:31.768 [m INFO | Listening on localhost:3001[m
2021-09-24 @ 22:16:54.607  INFO | Slf4jLogger started
2021-09-24 @ 22:16:55.296  INFO | Listening on localhost:3001
2021-09-24 @ 22:18:54.182  INFO | Slf4jLogger started
2021-09-24 @ 22:18:54.794  INFO | Listening on localhost:3002
2021-09-24 @ 22:18:54.805 DEBUG | Attempting to connect to peer at localhost:3001
2021-09-24 @ 22:18:54.816 DEBUG | Disconnected Peer at localhost:3001 received Command to RequestConnection
2021-09-24 @ 22:18:55.126  INFO | Received p2p connection request from localhost:3002
2021-09-24 @ 22:18:55.129 DEBUG | Attempting to accept incoming connection from localhost:3002
2021-09-24 @ 22:18:55.137 DEBUG | Disconnected Peer at localhost:3002 received Command to AcceptConnection
2021-09-24 @ 22:18:55.182  INFO | Registering connected peer at localhost:3002
2021-09-24 @ 22:18:55.244  INFO | Successfully connected to localhost:3001
2021-09-24 @ 22:18:55.244  INFO | Registering connected peer at localhost:3001
2021-09-25 @ 09:41:15.664  INFO | Slf4jLogger started
2021-09-25 @ 09:41:16.344  INFO | Listening on localhost:3001
2021-09-25 @ 09:41:23.296  INFO | Slf4jLogger started
2021-09-25 @ 09:41:23.878  INFO | Listening on localhost:3002
2021-09-25 @ 09:41:23.884 DEBUG | Attempting to connect to peer at localhost:3001
2021-09-25 @ 09:41:23.891 DEBUG | Disconnected Peer at localhost:3001 received Command to RequestConnection
2021-09-25 @ 09:41:24.186  INFO | Received p2p connection request from localhost:3002
2021-09-25 @ 09:41:24.189 DEBUG | Attempting to accept incoming connection from localhost:3002
2021-09-25 @ 09:41:24.197 DEBUG | Disconnected Peer at localhost:3002 received Command to AcceptConnection
2021-09-25 @ 09:41:24.242  INFO | Registering connected peer at localhost:3002
2021-09-25 @ 09:41:24.299  INFO | Successfully connected to localhost:3001
2021-09-25 @ 09:41:24.300  INFO | Registering connected peer at localhost:3001
2021-09-25 @ 09:41:46.610 DEBUG | Attempting to send message "this message" to peer at localhost:3002
2021-09-25 @ 09:41:46.614 DEBUG | Sending message "this message" to localhost:3002
2021-09-25 @ 09:41:46.635 DEBUG | Received incoming message "this message" from localhost:3001
2021-09-25 @ 09:41:46.643  INFO | this message
